<?xml version="1.0" encoding="UTF-8"?>
<testsuite xmlns:xsi="http://www.w3.org/2001/XMLSchema-instance" xsi:noNamespaceSchemaLocation="https://maven.apache.org/surefire/maven-surefire-plugin/xsd/surefire-test-report.xsd" name="runners.TestNGRunner" time="59.89" tests="1" errors="0" skipped="0" failures="1">
  <properties>
[...]
</properties>
  <testcase name="runScenario" classname="runners.TestNGRunner" time="55.955">
    <failure message="Step [I open the Legacy file and retrieve the legacy overtime hours data for employee with EmployeeID] is defined with 1 parameters at &apos;stepDefinitions.ComparisonSteps.openLegacyFileAndRetrieveData(java.lang.String)&apos;.&#10;However, the gherkin step has 0 arguments.&#10;Step text: I open the Legacy file and retrieve the legacy overtime hours data for employee with EmployeeID" type="io.cucumber.core.exception.CucumberException">io.cucumber.core.exception.CucumberException: 
Step [I open the Legacy file and retrieve the legacy overtime hours data for employee with EmployeeID] is defined with 1 parameters at 'stepDefinitions.ComparisonSteps.openLegacyFileAndRetrieveData(java.lang.String)'.
However, the gherkin step has 0 arguments.
Step text: I open the Legacy file and retrieve the legacy overtime hours data for employee with EmployeeID
</failure>
    <system-out><![CDATA[
@Test
Scenario: Compare Overtime Hours data for employees with variance type "Not Matched" for the "Earning" component and "Overtime Pay" element                   # src/test/resources/features/PRTEarningOvertimeHours.feature:5
Project Path Is: C:\Users\ssg22\eclipse-workspace\PRTComareExcelWeb
WebDriver initialized successfully.
Project Path Is:C:\Users\ssg22\eclipse-workspace\PRTComareExcelWeb
Comparison workbook opened successfully.
  Given the comparison file is opened                                                                                                                         # stepDefinitions.ComparisonSteps.openComparisonFile()
Employee ID found: 1080
Processing employee: 1080
C:\Users\ssg22\eclipse-workspace\PRTComareExcelWeb/src/test/resources/Excel/PRTLegacyData.xlsx workbook opened successfully.
Legacy overtime hours for employee 1080: 5.0
Logged into OrangeHRM application with credentials from config.
Clicked on Attendance menu.
Timeout occurred while trying to locate overtime hours for employee: 1080
Overtime hours mismatch for employee 1080
Legacy hours: 5.0, Web hours: 0.0
Screenshot saved: C:\Users\ssg22\eclipse-workspace\PRTComareExcelWeb\screenshots\screenshot_1080.png
Comparison results updated for employee 1080
Excel file updated and saved successfully: C:\Users\ssg22\eclipse-workspace\PRTComareExcelWeb/src/test/resources/Excel/Comparison.xlsx
Logged out from OrangeHRM application.
  When I search for employee IDs with variance type "Not Matched" for the "Earning" component and "Overtime Pay" element                                      # stepDefinitions.ComparisonSteps.searchForEmployeesWithVariance(java.lang.String,java.lang.String,java.lang.String)
  And I open the Legacy file and retrieve the legacy overtime hours data for employee with EmployeeID                                                         # stepDefinitions.ComparisonSteps.openLegacyFileAndRetrieveData(java.lang.String)
      io.cucumber.core.exception.CucumberException: Step [I open the Legacy file and retrieve the legacy overtime hours data for employee with EmployeeID] is defined with 1 parameters at 'stepDefinitions.ComparisonSteps.openLegacyFileAndRetrieveData(java.lang.String)'.
However, the gherkin step has 0 arguments.
Step text: I open the Legacy file and retrieve the legacy overtime hours data for employee with EmployeeID
	at io.cucumber.core.runner.PickleStepDefinitionMatch.arityMismatch(PickleStepDefinitionMatch.java:83)
	at io.cucumber.core.runner.PickleStepDefinitionMatch.runStep(PickleStepDefinitionMatch.java:42)
	at io.cucumber.core.runner.ExecutionMode$1.execute(ExecutionMode.java:10)
	at io.cucumber.core.runner.TestStep.executeStep(TestStep.java:86)
	at io.cucumber.core.runner.TestStep.run(TestStep.java:57)
	at io.cucumber.core.runner.PickleStepTestStep.run(PickleStepTestStep.java:51)
	at io.cucumber.core.runner.TestCase.run(TestCase.java:95)
	at io.cucumber.core.runner.Runner.runPickle(Runner.java:75)
	at io.cucumber.testng.TestNGCucumberRunner.lambda$runScenario$1(TestNGCucumberRunner.java:132)
	at io.cucumber.core.runtime.CucumberExecutionContext.lambda$runTestCase$3(CucumberExecutionContext.java:110)
	at io.cucumber.core.runtime.RethrowingThrowableCollector.executeAndThrow(RethrowingThrowableCollector.java:23)
	at io.cucumber.core.runtime.CucumberExecutionContext.runTestCase(CucumberExecutionContext.java:110)
	at io.cucumber.testng.TestNGCucumberRunner.runScenario(TestNGCucumberRunner.java:129)
	at io.cucumber.testng.AbstractTestNGCucumberTests.runScenario(AbstractTestNGCucumberTests.java:35)
	at java.base/jdk.internal.reflect.DirectMethodHandleAccessor.invoke(DirectMethodHandleAccessor.java:103)
	at java.base/java.lang.reflect.Method.invoke(Method.java:580)
	at org.testng.internal.invokers.MethodInvocationHelper.invokeMethod(MethodInvocationHelper.java:141)
	at org.testng.internal.invokers.TestInvoker.invokeMethod(TestInvoker.java:686)
	at org.testng.internal.invokers.TestInvoker.invokeTestMethod(TestInvoker.java:230)
	at org.testng.internal.invokers.MethodRunner.runInSequence(MethodRunner.java:63)
	at org.testng.internal.invokers.TestInvoker$MethodInvocationAgent.invoke(TestInvoker.java:992)
	at org.testng.internal.invokers.TestInvoker.invokeTestMethods(TestInvoker.java:203)
	at org.testng.internal.invokers.TestMethodWorker.invokeTestMethods(TestMethodWorker.java:154)
	at org.testng.internal.invokers.TestMethodWorker.run(TestMethodWorker.java:134)
	at java.base/java.util.ArrayList.forEach(ArrayList.java:1597)
	at org.testng.TestRunner.privateRun(TestRunner.java:739)
	at org.testng.TestRunner.run(TestRunner.java:614)
	at org.testng.SuiteRunner.runTest(SuiteRunner.java:421)
	at org.testng.SuiteRunner.runSequentially(SuiteRunner.java:413)
	at org.testng.SuiteRunner.privateRun(SuiteRunner.java:373)
	at org.testng.SuiteRunner.run(SuiteRunner.java:312)
	at org.testng.SuiteRunnerWorker.runSuite(SuiteRunnerWorker.java:52)
	at org.testng.SuiteRunnerWorker.run(SuiteRunnerWorker.java:95)
	at org.testng.TestNG.runSuitesSequentially(TestNG.java:1274)
	at org.testng.TestNG.runSuitesLocally(TestNG.java:1208)
	at org.testng.TestNG.runSuites(TestNG.java:1112)
	at org.testng.TestNG.run(TestNG.java:1079)
	at org.apache.maven.surefire.testng.TestNGExecutor.run(TestNGExecutor.java:135)
	at org.apache.maven.surefire.testng.TestNGDirectoryTestSuite.executeSingleClass(TestNGDirectoryTestSuite.java:112)
	at org.apache.maven.surefire.testng.TestNGDirectoryTestSuite.execute(TestNGDirectoryTestSuite.java:99)
	at org.apache.maven.surefire.testng.TestNGProvider.invoke(TestNGProvider.java:146)
	at org.apache.maven.surefire.booter.ForkedBooter.invokeProviderInSameClassLoader(ForkedBooter.java:383)
	at org.apache.maven.surefire.booter.ForkedBooter.runSuitesInProcess(ForkedBooter.java:344)
	at org.apache.maven.surefire.booter.ForkedBooter.execute(ForkedBooter.java:125)
	at org.apache.maven.surefire.booter.ForkedBooter.main(ForkedBooter.java:417)

  And I log into the OrangeHRM application                                                                                                                    # stepDefinitions.ComparisonSteps.logIntoOrangeHRMApplication()
  And I locate the overtime hours data for employee with EmployeeID in the web application                                                                    # stepDefinitions.ComparisonSteps.locateOvertimeDataInWebApp(java.lang.String)
  Then I compare the overtime data between the legacy system and the web application for employee with EmployeeID                                             # stepDefinitions.ComparisonSteps.compareOvertimeData(java.lang.String)
  And I take a screenshot of the page and save it                                                                                                             # stepDefinitions.ComparisonSteps.takeScreenshot()
  And I update the "Comparison.xlsx" file with the comparison results for employee with EmployeeID in the Comment section, including the screenshot file name # stepDefinitions.ComparisonSteps.updateComparisonFile(java.lang.String,java.lang.String)
  And I log out from the OrangeHRM application                                                                                                                # stepDefinitions.ComparisonSteps.logOutFromOrangeHRM()
Browser closed.
]]></system-out>
    <system-err><![CDATA[SLF4J: Failed to load class "org.slf4j.impl.StaticLoggerBinder".
SLF4J: Defaulting to no-operation (NOP) logger implementation
SLF4J: See http://www.slf4j.org/codes.html#StaticLoggerBinder for further details.
]]></system-err>
  </testcase>
</testsuite>